<?xml version="1.0" encoding="UTF-8"?>
<testsuite xmlns:xsi="http://www.w3.org/2001/XMLSchema-instance" xsi:noNamespaceSchemaLocation="https://maven.apache.org/surefire/maven-surefire-plugin/xsd/surefire-test-report-3.0.xsd" version="3.0" name="step_definition.RunCukesTest" time="107.105" tests="49" errors="0" skipped="0" failures="0">
  <properties>
    <property name="sun.desktop" value="windows"/>
    <property name="awt.toolkit" value="sun.awt.windows.WToolkit"/>
    <property name="file.encoding.pkg" value="sun.io"/>
    <property name="java.specification.version" value="1.8"/>
    <property name="sun.cpu.isalist" value="pentium_pro+mmx pentium_pro pentium+mmx pentium i486 i386 i86"/>
    <property name="sun.jnu.encoding" value="Cp1252"/>
    <property name="java.class.path" value="D:\Repo\Tes\target\test-classes;D:\Repo\Tes\target\classes;C:\Users\51207097\.m2\repository\junit\junit\4.13.1\junit-4.13.1.jar;C:\Users\51207097\.m2\repository\org\hamcrest\hamcrest-core\1.3\hamcrest-core-1.3.jar;C:\Users\51207097\.m2\repository\org\seleniumhq\selenium\selenium-java\4.12.0\selenium-java-4.12.0.jar;C:\Users\51207097\.m2\repository\org\seleniumhq\selenium\selenium-api\4.12.0\selenium-api-4.12.0.jar;C:\Users\51207097\.m2\repository\org\seleniumhq\selenium\selenium-chrome-driver\4.12.0\selenium-chrome-driver-4.12.0.jar;C:\Users\51207097\.m2\repository\com\google\auto\service\auto-service-annotations\1.1.1\auto-service-annotations-1.1.1.jar;C:\Users\51207097\.m2\repository\com\google\guava\guava\32.1.2-jre\guava-32.1.2-jre.jar;C:\Users\51207097\.m2\repository\com\google\guava\failureaccess\1.0.1\failureaccess-1.0.1.jar;C:\Users\51207097\.m2\repository\com\google\guava\listenablefuture\9999.0-empty-to-avoid-conflict-with-guava\listenablefuture-9999.0-empty-to-avoid-conflict-with-guava.jar;C:\Users\51207097\.m2\repository\com\google\code\findbugs\jsr305\3.0.2\jsr305-3.0.2.jar;C:\Users\51207097\.m2\repository\org\checkerframework\checker-qual\3.33.0\checker-qual-3.33.0.jar;C:\Users\51207097\.m2\repository\com\google\errorprone\error_prone_annotations\2.18.0\error_prone_annotations-2.18.0.jar;C:\Users\51207097\.m2\repository\com\google\j2objc\j2objc-annotations\2.8\j2objc-annotations-2.8.jar;C:\Users\51207097\.m2\repository\org\seleniumhq\selenium\selenium-chromium-driver\4.12.0\selenium-chromium-driver-4.12.0.jar;C:\Users\51207097\.m2\repository\org\seleniumhq\selenium\selenium-json\4.12.0\selenium-json-4.12.0.jar;C:\Users\51207097\.m2\repository\org\seleniumhq\selenium\selenium-manager\4.12.0\selenium-manager-4.12.0.jar;C:\Users\51207097\.m2\repository\org\seleniumhq\selenium\selenium-devtools-v114\4.12.0\selenium-devtools-v114-4.12.0.jar;C:\Users\51207097\.m2\repository\org\seleniumhq\selenium\selenium-devtools-v115\4.12.0\selenium-devtools-v115-4.12.0.jar;C:\Users\51207097\.m2\repository\org\seleniumhq\selenium\selenium-devtools-v116\4.12.0\selenium-devtools-v116-4.12.0.jar;C:\Users\51207097\.m2\repository\org\seleniumhq\selenium\selenium-devtools-v85\4.12.0\selenium-devtools-v85-4.12.0.jar;C:\Users\51207097\.m2\repository\org\seleniumhq\selenium\selenium-edge-driver\4.12.0\selenium-edge-driver-4.12.0.jar;C:\Users\51207097\.m2\repository\org\seleniumhq\selenium\selenium-firefox-driver\4.12.0\selenium-firefox-driver-4.12.0.jar;C:\Users\51207097\.m2\repository\org\seleniumhq\selenium\selenium-http\4.12.0\selenium-http-4.12.0.jar;C:\Users\51207097\.m2\repository\dev\failsafe\failsafe\3.3.2\failsafe-3.3.2.jar;C:\Users\51207097\.m2\repository\org\seleniumhq\selenium\selenium-ie-driver\4.12.0\selenium-ie-driver-4.12.0.jar;C:\Users\51207097\.m2\repository\org\seleniumhq\selenium\selenium-remote-driver\4.12.0\selenium-remote-driver-4.12.0.jar;C:\Users\51207097\.m2\repository\io\netty\netty-buffer\4.1.96.Final\netty-buffer-4.1.96.Final.jar;C:\Users\51207097\.m2\repository\io\netty\netty-codec-http\4.1.96.Final\netty-codec-http-4.1.96.Final.jar;C:\Users\51207097\.m2\repository\io\netty\netty-codec\4.1.96.Final\netty-codec-4.1.96.Final.jar;C:\Users\51207097\.m2\repository\io\netty\netty-handler\4.1.96.Final\netty-handler-4.1.96.Final.jar;C:\Users\51207097\.m2\repository\io\netty\netty-common\4.1.96.Final\netty-common-4.1.96.Final.jar;C:\Users\51207097\.m2\repository\io\netty\netty-transport-classes-epoll\4.1.96.Final\netty-transport-classes-epoll-4.1.96.Final.jar;C:\Users\51207097\.m2\repository\io\netty\netty-transport-classes-kqueue\4.1.96.Final\netty-transport-classes-kqueue-4.1.96.Final.jar;C:\Users\51207097\.m2\repository\io\netty\netty-transport-native-epoll\4.1.96.Final\netty-transport-native-epoll-4.1.96.Final.jar;C:\Users\51207097\.m2\repository\io\netty\netty-transport-native-kqueue\4.1.96.Final\netty-transport-native-kqueue-4.1.96.Final.jar;C:\Users\51207097\.m2\repository\io\netty\netty-transport-native-unix-common\4.1.96.Final\netty-transport-native-unix-common-4.1.96.Final.jar;C:\Users\51207097\.m2\repository\io\netty\netty-transport\4.1.96.Final\netty-transport-4.1.96.Final.jar;C:\Users\51207097\.m2\repository\io\netty\netty-resolver\4.1.96.Final\netty-resolver-4.1.96.Final.jar;C:\Users\51207097\.m2\repository\io\opentelemetry\opentelemetry-api\1.28.0\opentelemetry-api-1.28.0.jar;C:\Users\51207097\.m2\repository\io\opentelemetry\opentelemetry-context\1.28.0\opentelemetry-context-1.28.0.jar;C:\Users\51207097\.m2\repository\io\opentelemetry\opentelemetry-exporter-logging\1.28.0\opentelemetry-exporter-logging-1.28.0.jar;C:\Users\51207097\.m2\repository\io\opentelemetry\opentelemetry-sdk-metrics\1.28.0\opentelemetry-sdk-metrics-1.28.0.jar;C:\Users\51207097\.m2\repository\io\opentelemetry\opentelemetry-extension-incubator\1.28.0-alpha\opentelemetry-extension-incubator-1.28.0-alpha.jar;C:\Users\51207097\.m2\repository\io\opentelemetry\opentelemetry-sdk-logs\1.28.0\opentelemetry-sdk-logs-1.28.0.jar;C:\Users\51207097\.m2\repository\io\opentelemetry\opentelemetry-sdk-common\1.28.0\opentelemetry-sdk-common-1.28.0.jar;C:\Users\51207097\.m2\repository\io\opentelemetry\opentelemetry-sdk-extension-autoconfigure-spi\1.28.0\opentelemetry-sdk-extension-autoconfigure-spi-1.28.0.jar;C:\Users\51207097\.m2\repository\io\opentelemetry\opentelemetry-sdk-extension-autoconfigure\1.28.0\opentelemetry-sdk-extension-autoconfigure-1.28.0.jar;C:\Users\51207097\.m2\repository\io\opentelemetry\opentelemetry-api-events\1.28.0-alpha\opentelemetry-api-events-1.28.0-alpha.jar;C:\Users\51207097\.m2\repository\io\opentelemetry\opentelemetry-sdk-trace\1.28.0\opentelemetry-sdk-trace-1.28.0.jar;C:\Users\51207097\.m2\repository\io\opentelemetry\opentelemetry-sdk\1.28.0\opentelemetry-sdk-1.28.0.jar;C:\Users\51207097\.m2\repository\io\opentelemetry\opentelemetry-semconv\1.28.0-alpha\opentelemetry-semconv-1.28.0-alpha.jar;C:\Users\51207097\.m2\repository\net\bytebuddy\byte-buddy\1.14.5\byte-buddy-1.14.5.jar;C:\Users\51207097\.m2\repository\org\asynchttpclient\async-http-client\2.12.3\async-http-client-2.12.3.jar;C:\Users\51207097\.m2\repository\org\asynchttpclient\async-http-client-netty-utils\2.12.3\async-http-client-netty-utils-2.12.3.jar;C:\Users\51207097\.m2\repository\io\netty\netty-codec-socks\4.1.60.Final\netty-codec-socks-4.1.60.Final.jar;C:\Users\51207097\.m2\repository\io\netty\netty-handler-proxy\4.1.60.Final\netty-handler-proxy-4.1.60.Final.jar;C:\Users\51207097\.m2\repository\io\netty\netty-transport-native-epoll\4.1.60.Final\netty-transport-native-epoll-4.1.60.Final-linux-x86_64.jar;C:\Users\51207097\.m2\repository\io\netty\netty-transport-native-kqueue\4.1.60.Final\netty-transport-native-kqueue-4.1.60.Final-osx-x86_64.jar;C:\Users\51207097\.m2\repository\org\reactivestreams\reactive-streams\1.0.3\reactive-streams-1.0.3.jar;C:\Users\51207097\.m2\repository\com\typesafe\netty\netty-reactive-streams\2.0.4\netty-reactive-streams-2.0.4.jar;C:\Users\51207097\.m2\repository\com\sun\activation\jakarta.activation\1.2.2\jakarta.activation-1.2.2.jar;C:\Users\51207097\.m2\repository\org\seleniumhq\selenium\selenium-os\4.12.0\selenium-os-4.12.0.jar;C:\Users\51207097\.m2\repository\org\apache\commons\commons-exec\1.3\commons-exec-1.3.jar;C:\Users\51207097\.m2\repository\org\seleniumhq\selenium\selenium-safari-driver\4.12.0\selenium-safari-driver-4.12.0.jar;C:\Users\51207097\.m2\repository\org\seleniumhq\selenium\selenium-support\4.12.0\selenium-support-4.12.0.jar;C:\Users\51207097\.m2\repository\info\cukes\cucumber-java\1.2.5\cucumber-java-1.2.5.jar;C:\Users\51207097\.m2\repository\info\cukes\cucumber-core\1.2.5\cucumber-core-1.2.5.jar;C:\Users\51207097\.m2\repository\info\cukes\cucumber-html\0.2.3\cucumber-html-0.2.3.jar;C:\Users\51207097\.m2\repository\info\cukes\cucumber-jvm-deps\1.0.5\cucumber-jvm-deps-1.0.5.jar;C:\Users\51207097\.m2\repository\info\cukes\gherkin\2.12.2\gherkin-2.12.2.jar;C:\Users\51207097\.m2\repository\info\cukes\cucumber-junit\1.2.5\cucumber-junit-1.2.5.jar;C:\Users\51207097\.m2\repository\net\masterthought\cucumber-reporting\5.3.1\cucumber-reporting-5.3.1.jar;C:\Users\51207097\.m2\repository\com\fasterxml\jackson\core\jackson-databind\2.10.1\jackson-databind-2.10.1.jar;C:\Users\51207097\.m2\repository\com\fasterxml\jackson\core\jackson-annotations\2.10.1\jackson-annotations-2.10.1.jar;C:\Users\51207097\.m2\repository\com\fasterxml\jackson\core\jackson-core\2.10.1\jackson-core-2.10.1.jar;C:\Users\51207097\.m2\repository\com\fasterxml\jackson\datatype\jackson-datatype-jsr310\2.10.1\jackson-datatype-jsr310-2.10.1.jar;C:\Users\51207097\.m2\repository\org\apache\velocity\velocity-engine-core\2.1\velocity-engine-core-2.1.jar;C:\Users\51207097\.m2\repository\org\slf4j\slf4j-api\1.7.26\slf4j-api-1.7.26.jar;C:\Users\51207097\.m2\repository\commons-collections\commons-collections\3.2.2\commons-collections-3.2.2.jar;C:\Users\51207097\.m2\repository\joda-time\joda-time\2.10.5\joda-time-2.10.5.jar;C:\Users\51207097\.m2\repository\org\apache\commons\commons-lang3\3.9\commons-lang3-3.9.jar;C:\Users\51207097\.m2\repository\commons-io\commons-io\2.6\commons-io-2.6.jar;C:\Users\51207097\.m2\repository\org\codehaus\plexus\plexus-utils\3.3.0\plexus-utils-3.3.0.jar;C:\Users\51207097\.m2\repository\org\jsoup\jsoup\1.12.1\jsoup-1.12.1.jar;C:\Users\51207097\.m2\repository\com\googlecode\owasp-java-html-sanitizer\owasp-java-html-sanitizer\20191001.1\owasp-java-html-sanitizer-20191001.1.jar;C:\Users\51207097\.m2\repository\commons-configuration\commons-configuration\1.10\commons-configuration-1.10.jar;C:\Users\51207097\.m2\repository\commons-lang\commons-lang\2.6\commons-lang-2.6.jar;C:\Users\51207097\.m2\repository\commons-logging\commons-logging\1.1.1\commons-logging-1.1.1.jar;"/>
    <property name="java.vm.vendor" value="Oracle Corporation"/>
    <property name="sun.arch.data.model" value="32"/>
    <property name="user.variant" value=""/>
    <property name="java.vendor.url" value="http://java.oracle.com/"/>
    <property name="user.timezone" value="Asia/Bangkok"/>
    <property name="java.vm.specification.version" value="1.8"/>
    <property name="os.name" value="Windows 10"/>
    <property name="user.country" value="ID"/>
    <property name="sun.java.launcher" value="SUN_STANDARD"/>
    <property name="sun.boot.library.path" value="C:\Program Files (x86)\Java\jdk1.8.0_361\jre\bin"/>
    <property name="sun.java.command" value="C:\Users\51207097\AppData\Local\Temp\surefire6197014365304730395\surefirebooter-20240208094159011_3.jar C:\Users\51207097\AppData\Local\Temp\surefire6197014365304730395 2024-02-08T09-41-58_044-jvmRun1 surefire-20240208094159011_1tmp surefire_0-20240208094159011_2tmp"/>
    <property name="surefire.test.class.path" value="D:\Repo\Tes\target\test-classes;D:\Repo\Tes\target\classes;C:\Users\51207097\.m2\repository\junit\junit\4.13.1\junit-4.13.1.jar;C:\Users\51207097\.m2\repository\org\hamcrest\hamcrest-core\1.3\hamcrest-core-1.3.jar;C:\Users\51207097\.m2\repository\org\seleniumhq\selenium\selenium-java\4.12.0\selenium-java-4.12.0.jar;C:\Users\51207097\.m2\repository\org\seleniumhq\selenium\selenium-api\4.12.0\selenium-api-4.12.0.jar;C:\Users\51207097\.m2\repository\org\seleniumhq\selenium\selenium-chrome-driver\4.12.0\selenium-chrome-driver-4.12.0.jar;C:\Users\51207097\.m2\repository\com\google\auto\service\auto-service-annotations\1.1.1\auto-service-annotations-1.1.1.jar;C:\Users\51207097\.m2\repository\com\google\guava\guava\32.1.2-jre\guava-32.1.2-jre.jar;C:\Users\51207097\.m2\repository\com\google\guava\failureaccess\1.0.1\failureaccess-1.0.1.jar;C:\Users\51207097\.m2\repository\com\google\guava\listenablefuture\9999.0-empty-to-avoid-conflict-with-guava\listenablefuture-9999.0-empty-to-avoid-conflict-with-guava.jar;C:\Users\51207097\.m2\repository\com\google\code\findbugs\jsr305\3.0.2\jsr305-3.0.2.jar;C:\Users\51207097\.m2\repository\org\checkerframework\checker-qual\3.33.0\checker-qual-3.33.0.jar;C:\Users\51207097\.m2\repository\com\google\errorprone\error_prone_annotations\2.18.0\error_prone_annotations-2.18.0.jar;C:\Users\51207097\.m2\repository\com\google\j2objc\j2objc-annotations\2.8\j2objc-annotations-2.8.jar;C:\Users\51207097\.m2\repository\org\seleniumhq\selenium\selenium-chromium-driver\4.12.0\selenium-chromium-driver-4.12.0.jar;C:\Users\51207097\.m2\repository\org\seleniumhq\selenium\selenium-json\4.12.0\selenium-json-4.12.0.jar;C:\Users\51207097\.m2\repository\org\seleniumhq\selenium\selenium-manager\4.12.0\selenium-manager-4.12.0.jar;C:\Users\51207097\.m2\repository\org\seleniumhq\selenium\selenium-devtools-v114\4.12.0\selenium-devtools-v114-4.12.0.jar;C:\Users\51207097\.m2\repository\org\seleniumhq\selenium\selenium-devtools-v115\4.12.0\selenium-devtools-v115-4.12.0.jar;C:\Users\51207097\.m2\repository\org\seleniumhq\selenium\selenium-devtools-v116\4.12.0\selenium-devtools-v116-4.12.0.jar;C:\Users\51207097\.m2\repository\org\seleniumhq\selenium\selenium-devtools-v85\4.12.0\selenium-devtools-v85-4.12.0.jar;C:\Users\51207097\.m2\repository\org\seleniumhq\selenium\selenium-edge-driver\4.12.0\selenium-edge-driver-4.12.0.jar;C:\Users\51207097\.m2\repository\org\seleniumhq\selenium\selenium-firefox-driver\4.12.0\selenium-firefox-driver-4.12.0.jar;C:\Users\51207097\.m2\repository\org\seleniumhq\selenium\selenium-http\4.12.0\selenium-http-4.12.0.jar;C:\Users\51207097\.m2\repository\dev\failsafe\failsafe\3.3.2\failsafe-3.3.2.jar;C:\Users\51207097\.m2\repository\org\seleniumhq\selenium\selenium-ie-driver\4.12.0\selenium-ie-driver-4.12.0.jar;C:\Users\51207097\.m2\repository\org\seleniumhq\selenium\selenium-remote-driver\4.12.0\selenium-remote-driver-4.12.0.jar;C:\Users\51207097\.m2\repository\io\netty\netty-buffer\4.1.96.Final\netty-buffer-4.1.96.Final.jar;C:\Users\51207097\.m2\repository\io\netty\netty-codec-http\4.1.96.Final\netty-codec-http-4.1.96.Final.jar;C:\Users\51207097\.m2\repository\io\netty\netty-codec\4.1.96.Final\netty-codec-4.1.96.Final.jar;C:\Users\51207097\.m2\repository\io\netty\netty-handler\4.1.96.Final\netty-handler-4.1.96.Final.jar;C:\Users\51207097\.m2\repository\io\netty\netty-common\4.1.96.Final\netty-common-4.1.96.Final.jar;C:\Users\51207097\.m2\repository\io\netty\netty-transport-classes-epoll\4.1.96.Final\netty-transport-classes-epoll-4.1.96.Final.jar;C:\Users\51207097\.m2\repository\io\netty\netty-transport-classes-kqueue\4.1.96.Final\netty-transport-classes-kqueue-4.1.96.Final.jar;C:\Users\51207097\.m2\repository\io\netty\netty-transport-native-epoll\4.1.96.Final\netty-transport-native-epoll-4.1.96.Final.jar;C:\Users\51207097\.m2\repository\io\netty\netty-transport-native-kqueue\4.1.96.Final\netty-transport-native-kqueue-4.1.96.Final.jar;C:\Users\51207097\.m2\repository\io\netty\netty-transport-native-unix-common\4.1.96.Final\netty-transport-native-unix-common-4.1.96.Final.jar;C:\Users\51207097\.m2\repository\io\netty\netty-transport\4.1.96.Final\netty-transport-4.1.96.Final.jar;C:\Users\51207097\.m2\repository\io\netty\netty-resolver\4.1.96.Final\netty-resolver-4.1.96.Final.jar;C:\Users\51207097\.m2\repository\io\opentelemetry\opentelemetry-api\1.28.0\opentelemetry-api-1.28.0.jar;C:\Users\51207097\.m2\repository\io\opentelemetry\opentelemetry-context\1.28.0\opentelemetry-context-1.28.0.jar;C:\Users\51207097\.m2\repository\io\opentelemetry\opentelemetry-exporter-logging\1.28.0\opentelemetry-exporter-logging-1.28.0.jar;C:\Users\51207097\.m2\repository\io\opentelemetry\opentelemetry-sdk-metrics\1.28.0\opentelemetry-sdk-metrics-1.28.0.jar;C:\Users\51207097\.m2\repository\io\opentelemetry\opentelemetry-extension-incubator\1.28.0-alpha\opentelemetry-extension-incubator-1.28.0-alpha.jar;C:\Users\51207097\.m2\repository\io\opentelemetry\opentelemetry-sdk-logs\1.28.0\opentelemetry-sdk-logs-1.28.0.jar;C:\Users\51207097\.m2\repository\io\opentelemetry\opentelemetry-sdk-common\1.28.0\opentelemetry-sdk-common-1.28.0.jar;C:\Users\51207097\.m2\repository\io\opentelemetry\opentelemetry-sdk-extension-autoconfigure-spi\1.28.0\opentelemetry-sdk-extension-autoconfigure-spi-1.28.0.jar;C:\Users\51207097\.m2\repository\io\opentelemetry\opentelemetry-sdk-extension-autoconfigure\1.28.0\opentelemetry-sdk-extension-autoconfigure-1.28.0.jar;C:\Users\51207097\.m2\repository\io\opentelemetry\opentelemetry-api-events\1.28.0-alpha\opentelemetry-api-events-1.28.0-alpha.jar;C:\Users\51207097\.m2\repository\io\opentelemetry\opentelemetry-sdk-trace\1.28.0\opentelemetry-sdk-trace-1.28.0.jar;C:\Users\51207097\.m2\repository\io\opentelemetry\opentelemetry-sdk\1.28.0\opentelemetry-sdk-1.28.0.jar;C:\Users\51207097\.m2\repository\io\opentelemetry\opentelemetry-semconv\1.28.0-alpha\opentelemetry-semconv-1.28.0-alpha.jar;C:\Users\51207097\.m2\repository\net\bytebuddy\byte-buddy\1.14.5\byte-buddy-1.14.5.jar;C:\Users\51207097\.m2\repository\org\asynchttpclient\async-http-client\2.12.3\async-http-client-2.12.3.jar;C:\Users\51207097\.m2\repository\org\asynchttpclient\async-http-client-netty-utils\2.12.3\async-http-client-netty-utils-2.12.3.jar;C:\Users\51207097\.m2\repository\io\netty\netty-codec-socks\4.1.60.Final\netty-codec-socks-4.1.60.Final.jar;C:\Users\51207097\.m2\repository\io\netty\netty-handler-proxy\4.1.60.Final\netty-handler-proxy-4.1.60.Final.jar;C:\Users\51207097\.m2\repository\io\netty\netty-transport-native-epoll\4.1.60.Final\netty-transport-native-epoll-4.1.60.Final-linux-x86_64.jar;C:\Users\51207097\.m2\repository\io\netty\netty-transport-native-kqueue\4.1.60.Final\netty-transport-native-kqueue-4.1.60.Final-osx-x86_64.jar;C:\Users\51207097\.m2\repository\org\reactivestreams\reactive-streams\1.0.3\reactive-streams-1.0.3.jar;C:\Users\51207097\.m2\repository\com\typesafe\netty\netty-reactive-streams\2.0.4\netty-reactive-streams-2.0.4.jar;C:\Users\51207097\.m2\repository\com\sun\activation\jakarta.activation\1.2.2\jakarta.activation-1.2.2.jar;C:\Users\51207097\.m2\repository\org\seleniumhq\selenium\selenium-os\4.12.0\selenium-os-4.12.0.jar;C:\Users\51207097\.m2\repository\org\apache\commons\commons-exec\1.3\commons-exec-1.3.jar;C:\Users\51207097\.m2\repository\org\seleniumhq\selenium\selenium-safari-driver\4.12.0\selenium-safari-driver-4.12.0.jar;C:\Users\51207097\.m2\repository\org\seleniumhq\selenium\selenium-support\4.12.0\selenium-support-4.12.0.jar;C:\Users\51207097\.m2\repository\info\cukes\cucumber-java\1.2.5\cucumber-java-1.2.5.jar;C:\Users\51207097\.m2\repository\info\cukes\cucumber-core\1.2.5\cucumber-core-1.2.5.jar;C:\Users\51207097\.m2\repository\info\cukes\cucumber-html\0.2.3\cucumber-html-0.2.3.jar;C:\Users\51207097\.m2\repository\info\cukes\cucumber-jvm-deps\1.0.5\cucumber-jvm-deps-1.0.5.jar;C:\Users\51207097\.m2\repository\info\cukes\gherkin\2.12.2\gherkin-2.12.2.jar;C:\Users\51207097\.m2\repository\info\cukes\cucumber-junit\1.2.5\cucumber-junit-1.2.5.jar;C:\Users\51207097\.m2\repository\net\masterthought\cucumber-reporting\5.3.1\cucumber-reporting-5.3.1.jar;C:\Users\51207097\.m2\repository\com\fasterxml\jackson\core\jackson-databind\2.10.1\jackson-databind-2.10.1.jar;C:\Users\51207097\.m2\repository\com\fasterxml\jackson\core\jackson-annotations\2.10.1\jackson-annotations-2.10.1.jar;C:\Users\51207097\.m2\repository\com\fasterxml\jackson\core\jackson-core\2.10.1\jackson-core-2.10.1.jar;C:\Users\51207097\.m2\repository\com\fasterxml\jackson\datatype\jackson-datatype-jsr310\2.10.1\jackson-datatype-jsr310-2.10.1.jar;C:\Users\51207097\.m2\repository\org\apache\velocity\velocity-engine-core\2.1\velocity-engine-core-2.1.jar;C:\Users\51207097\.m2\repository\org\slf4j\slf4j-api\1.7.26\slf4j-api-1.7.26.jar;C:\Users\51207097\.m2\repository\commons-collections\commons-collections\3.2.2\commons-collections-3.2.2.jar;C:\Users\51207097\.m2\repository\joda-time\joda-time\2.10.5\joda-time-2.10.5.jar;C:\Users\51207097\.m2\repository\org\apache\commons\commons-lang3\3.9\commons-lang3-3.9.jar;C:\Users\51207097\.m2\repository\commons-io\commons-io\2.6\commons-io-2.6.jar;C:\Users\51207097\.m2\repository\org\codehaus\plexus\plexus-utils\3.3.0\plexus-utils-3.3.0.jar;C:\Users\51207097\.m2\repository\org\jsoup\jsoup\1.12.1\jsoup-1.12.1.jar;C:\Users\51207097\.m2\repository\com\googlecode\owasp-java-html-sanitizer\owasp-java-html-sanitizer\20191001.1\owasp-java-html-sanitizer-20191001.1.jar;C:\Users\51207097\.m2\repository\commons-configuration\commons-configuration\1.10\commons-configuration-1.10.jar;C:\Users\51207097\.m2\repository\commons-lang\commons-lang\2.6\commons-lang-2.6.jar;C:\Users\51207097\.m2\repository\commons-logging\commons-logging\1.1.1\commons-logging-1.1.1.jar;"/>
    <property name="sun.cpu.endian" value="little"/>
    <property name="user.home" value="C:\Users\51207097"/>
    <property name="user.language" value="en"/>
    <property name="java.specification.vendor" value="Oracle Corporation"/>
    <property name="java.home" value="C:\Program Files (x86)\Java\jdk1.8.0_361\jre"/>
    <property name="basedir" value="D:\Repo\Tes"/>
    <property name="file.separator" value="\"/>
    <property name="line.separator" value="&#10;"/>
    <property name="java.vm.specification.vendor" value="Oracle Corporation"/>
    <property name="java.specification.name" value="Java Platform API Specification"/>
    <property name="java.awt.graphicsenv" value="sun.awt.Win32GraphicsEnvironment"/>
    <property name="surefire.real.class.path" value="C:\Users\51207097\AppData\Local\Temp\surefire6197014365304730395\surefirebooter-20240208094159011_3.jar"/>
    <property name="sun.boot.class.path" value="C:\Program Files (x86)\Java\jdk1.8.0_361\jre\lib\resources.jar;C:\Program Files (x86)\Java\jdk1.8.0_361\jre\lib\rt.jar;C:\Program Files (x86)\Java\jdk1.8.0_361\jre\lib\jsse.jar;C:\Program Files (x86)\Java\jdk1.8.0_361\jre\lib\jce.jar;C:\Program Files (x86)\Java\jdk1.8.0_361\jre\lib\charsets.jar;C:\Program Files (x86)\Java\jdk1.8.0_361\jre\lib\jfr.jar;C:\Program Files (x86)\Java\jdk1.8.0_361\jre\classes"/>
    <property name="user.script" value=""/>
    <property name="sun.management.compiler" value="HotSpot Client Compiler"/>
    <property name="java.runtime.version" value="1.8.0_361-b09"/>
    <property name="user.name" value="51207097"/>
    <property name="path.separator" value=";"/>
    <property name="os.version" value="10.0"/>
    <property name="java.endorsed.dirs" value="C:\Program Files (x86)\Java\jdk1.8.0_361\jre\lib\endorsed"/>
    <property name="java.runtime.name" value="Java(TM) SE Runtime Environment"/>
    <property name="file.encoding" value="Cp1252"/>
    <property name="java.vm.name" value="Java HotSpot(TM) Client VM"/>
    <property name="localRepository" value="C:\Users\51207097\.m2\repository"/>
    <property name="java.vendor.url.bug" value="http://bugreport.sun.com/bugreport/"/>
    <property name="java.io.tmpdir" value="C:\Users\51207097\AppData\Local\Temp\"/>
    <property name="idea.version" value="2023.3.1"/>
    <property name="java.version" value="1.8.0_361"/>
    <property name="user.dir" value="D:\Repo\Tes"/>
    <property name="os.arch" value="x86"/>
    <property name="java.vm.specification.name" value="Java Virtual Machine Specification"/>
    <property name="java.awt.printerjob" value="sun.awt.windows.WPrinterJob"/>
    <property name="sun.os.patch.level" value=""/>
    <property name="java.library.path" value="C:\Program Files (x86)\Java\jdk1.8.0_361\jre\bin;C:\Windows\Sun\Java\bin;C:\Windows\system32;C:\Windows;C:\Program Files (x86)\Common Files\Oracle\Java\javapath;C:\Windows\system32;C:\Windows;C:\Windows\System32\Wbem;C:\Windows\System32\WindowsPowerShell\v1.0\;C:\Windows\System32\OpenSSH\;C:\Program Files (x86)\Java\jdk1.8.0_361\bin;C:\Program Files (x86)\Java\jre1.8.0_361\bin;C:\Program Files\nodejs\;C:\Program Files\Git\cmd;C:\Users\51207097\AppData\Local\Android\Sdk\platform-tools;C:\Program Files\nodejs\node_modules\npm\node_modules;C:\Users\51207097\AppData\Roaming\npm\node_modules;C:\Users\51207097\AppData\Local\Android\Sdk\tools;C:\Users\51207097\AppData\Roaming\npm;;C:\Program Files\Docker\Docker\resources\bin;C:\Users\51207097\AppData\Local\Programs\Python\Launcher\;C:\Users\51207097\AppData\Local\Microsoft\WindowsApps;C:\Users\51207097\AppData\Local\Programs\Microsoft VS Code\bin;;."/>
    <property name="java.vm.info" value="mixed mode, sharing"/>
    <property name="java.vendor" value="Oracle Corporation"/>
    <property name="java.vm.version" value="25.361-b09"/>
    <property name="java.specification.maintenance.version" value="4"/>
    <property name="java.ext.dirs" value="C:\Program Files (x86)\Java\jdk1.8.0_361\jre\lib\ext;C:\Windows\Sun\Java\lib\ext"/>
    <property name="sun.io.unicode.encoding" value="UnicodeLittle"/>
    <property name="java.class.version" value="52.0"/>
  </properties>
  <testcase name="Given user membuka situs psegameshop" classname="Scenario: Login with valid value" time="0.001">
    <system-out><![CDATA[@LoginTes
Feature: LoginTes
  User ingin melakukan login di https://www.psegameshop.com/
]]></system-out>
    <system-err><![CDATA[SLF4J: Failed to load class "org.slf4j.impl.StaticLoggerBinder".
SLF4J: Defaulting to no-operation (NOP) logger implementation
SLF4J: See http://www.slf4j.org/codes.html#StaticLoggerBinder for further details.
Feb 08, 2024 9:42:04 AM org.openqa.selenium.devtools.CdpVersionFinder findNearestMatch
WARNING: Unable to find CDP implementation matching 121
Feb 08, 2024 9:42:04 AM org.openqa.selenium.chromium.ChromiumDriver lambda$new$5
WARNING: Unable to find version of CDP to use for 121.0.6167.141. You may need to include a dependency on a specific version of the CDP using something similar to `org.seleniumhq.selenium:selenium-devtools-v86:4.12.0` where the version ("v86") matches the version of the chromium-based browser you're using and the version number of the artifact is the same as Selenium's.
]]></system-err>
  </testcase>
  <testcase name="When user memastikan header logo dan tombol akun terlihat pada halaman" classname="Scenario: Login with valid value" time="0.0"/>
  <testcase name="And user click button icon akun user untuk login" classname="Scenario: Login with valid value" time="0.0"/>
  <testcase name="And user memastikan label login label username label password terlihat pada halaman" classname="Scenario: Login with valid value" time="0.0"/>
  <testcase name="Then user melakukan input username &quot;mukhlisanshori123@gmail.com&quot; password &quot;PasswordMukhlis123!&quot;" classname="Scenario: Login with valid value" time="0.0"/>
  <testcase name="And user memastikan button login bisa di click" classname="Scenario: Login with valid value" time="0.0"/>
  <testcase name="And user click button Login" classname="Scenario: Login with valid value" time="0.0"/>
  <testcase name="Then user berhasil login" classname="Scenario: Login with valid value" time="0.0"/>
  <testcase name="" classname="Scenario: Login with valid value" time="0.963"/>
  <testcase name="Given user membuka situs psegameshop" classname="Scenario: Login with username and password null" time="0.0">
    <system-out><![CDATA[
  @LoginTes
  Scenario: Login with valid value                                                                  &amp#27;[90m# features/LoginTes.feature:5&amp#27;[0m
    &amp#27;[32mGiven &amp#27;[0m&amp#27;[32muser membuka situs psegameshop&amp#27;[0m                                                            &amp#27;[90m# Login.dashboardPage()&amp#27;[0m
    &amp#27;[32mWhen &amp#27;[0m&amp#27;[32muser memastikan header logo dan tombol akun terlihat pada halaman&amp#27;[0m                          &amp#27;[90m# Login.headerAkunDisplayed()&amp#27;[0m
    &amp#27;[32mAnd &amp#27;[0m&amp#27;[32muser click button icon akun user untuk login&amp#27;[0m                                                &amp#27;[90m# Login.clickAkun()&amp#27;[0m
    &amp#27;[32mAnd &amp#27;[0m&amp#27;[32muser memastikan label login label username label password terlihat pada halaman&amp#27;[0m             &amp#27;[90m# Login.cekLabel()&amp#27;[0m
    &amp#27;[32mThen &amp#27;[0m&amp#27;[32muser melakukan input username "&amp#27;[0m&amp#27;[32m&amp#27;[1mmukhlisanshori123@gmail.com&amp#27;[0m&amp#27;[32m" password "&amp#27;[0m&amp#27;[32m&amp#27;[1mPasswordMukhlis123!&amp#27;[0m&amp#27;[32m"&amp#27;[0m &amp#27;[90m# Login.inputUserPass(String,String)&amp#27;[0m
    &amp#27;[32mAnd &amp#27;[0m&amp#27;[32muser memastikan button login bisa di click&amp#27;[0m                                                  &amp#27;[90m# Login.buttonLoginClickable()&amp#27;[0m
    &amp#27;[32mAnd &amp#27;[0m&amp#27;[32muser click button Login&amp#27;[0m                                                                     &amp#27;[90m# Login.clickLogin()&amp#27;[0m
    &amp#27;[32mThen &amp#27;[0m&amp#27;[32muser berhasil login&amp#27;[0m                                                                        &amp#27;[90m# Login.suksesLogin()&amp#27;[0m
]]></system-out>
    <system-err><![CDATA[Feb 08, 2024 9:42:28 AM org.openqa.selenium.devtools.CdpVersionFinder findNearestMatch
WARNING: Unable to find CDP implementation matching 121
Feb 08, 2024 9:42:28 AM org.openqa.selenium.chromium.ChromiumDriver lambda$new$5
WARNING: Unable to find version of CDP to use for 121.0.6167.141. You may need to include a dependency on a specific version of the CDP using something similar to `org.seleniumhq.selenium:selenium-devtools-v86:4.12.0` where the version ("v86") matches the version of the chromium-based browser you're using and the version number of the artifact is the same as Selenium's.
]]></system-err>
  </testcase>
  <testcase name="When user memastikan header logo dan tombol akun terlihat pada halaman" classname="Scenario: Login with username and password null" time="0.0"/>
  <testcase name="And user click button icon akun user untuk login" classname="Scenario: Login with username and password null" time="0.0"/>
  <testcase name="And user memastikan label login label username label password terlihat pada halaman" classname="Scenario: Login with username and password null" time="0.0"/>
  <testcase name="Then user melakukan input username &quot;&quot; password &quot;&quot;" classname="Scenario: Login with username and password null" time="0.0"/>
  <testcase name="And user click button Login" classname="Scenario: Login with username and password null" time="0.0"/>
  <testcase name="Then alert username require muncul pada halaman" classname="Scenario: Login with username and password null" time="0.0"/>
  <testcase name="" classname="Scenario: Login with username and password null" time="0.973"/>
  <testcase name="Given user membuka situs psegameshop" classname="Scenario: Login with username null" time="0.0">
    <system-out><![CDATA[
  @LoginTes
  Scenario: Login with username and password null                                       &amp#27;[90m# features/LoginTes.feature:16&amp#27;[0m
    &amp#27;[32mGiven &amp#27;[0m&amp#27;[32muser membuka situs psegameshop&amp#27;[0m                                                &amp#27;[90m# Login.dashboardPage()&amp#27;[0m
    &amp#27;[32mWhen &amp#27;[0m&amp#27;[32muser memastikan header logo dan tombol akun terlihat pada halaman&amp#27;[0m              &amp#27;[90m# Login.headerAkunDisplayed()&amp#27;[0m
    &amp#27;[32mAnd &amp#27;[0m&amp#27;[32muser click button icon akun user untuk login&amp#27;[0m                                    &amp#27;[90m# Login.clickAkun()&amp#27;[0m
    &amp#27;[32mAnd &amp#27;[0m&amp#27;[32muser memastikan label login label username label password terlihat pada halaman&amp#27;[0m &amp#27;[90m# Login.cekLabel()&amp#27;[0m
    &amp#27;[32mThen &amp#27;[0m&amp#27;[32muser melakukan input username "&amp#27;[0m&amp#27;[32m&amp#27;[1m&amp#27;[0m&amp#27;[32m" password "&amp#27;[0m&amp#27;[32m&amp#27;[1m&amp#27;[0m&amp#27;[32m"&amp#27;[0m                                   &amp#27;[90m# Login.inputUserPass(String,String)&amp#27;[0m
    &amp#27;[32mAnd &amp#27;[0m&amp#27;[32muser click button Login&amp#27;[0m                                                         &amp#27;[90m# Login.clickLogin()&amp#27;[0m
    &amp#27;[32mThen &amp#27;[0m&amp#27;[32malert username require muncul pada halaman&amp#27;[0m                                     &amp#27;[90m# Login.alertUsernameRequiredDisplayed()&amp#27;[0m
]]></system-out>
    <system-err><![CDATA[Feb 08, 2024 9:42:44 AM org.openqa.selenium.devtools.CdpVersionFinder findNearestMatch
WARNING: Unable to find CDP implementation matching 121
Feb 08, 2024 9:42:44 AM org.openqa.selenium.chromium.ChromiumDriver lambda$new$5
WARNING: Unable to find version of CDP to use for 121.0.6167.141. You may need to include a dependency on a specific version of the CDP using something similar to `org.seleniumhq.selenium:selenium-devtools-v86:4.12.0` where the version ("v86") matches the version of the chromium-based browser you're using and the version number of the artifact is the same as Selenium's.
]]></system-err>
  </testcase>
  <testcase name="When user memastikan header logo dan tombol akun terlihat pada halaman" classname="Scenario: Login with username null" time="0.0"/>
  <testcase name="And user click button icon akun user untuk login" classname="Scenario: Login with username null" time="0.0"/>
  <testcase name="And user memastikan label login label username label password terlihat pada halaman" classname="Scenario: Login with username null" time="0.0"/>
  <testcase name="Then user melakukan input username &quot;&quot; password &quot;PasswordMukhlis123!&quot;" classname="Scenario: Login with username null" time="0.0"/>
  <testcase name="And user click button Login" classname="Scenario: Login with username null" time="0.0"/>
  <testcase name="Then alert username require muncul pada halaman" classname="Scenario: Login with username null" time="0.0"/>
  <testcase name="" classname="Scenario: Login with username null" time="0.933"/>
  <testcase name="Given user membuka situs psegameshop" classname="Scenario: Login with password null" time="0.0">
    <system-out><![CDATA[
  @LoginTes
  Scenario: Login with username null                                                    &amp#27;[90m# features/LoginTes.feature:26&amp#27;[0m
    &amp#27;[32mGiven &amp#27;[0m&amp#27;[32muser membuka situs psegameshop&amp#27;[0m                                                &amp#27;[90m# Login.dashboardPage()&amp#27;[0m
    &amp#27;[32mWhen &amp#27;[0m&amp#27;[32muser memastikan header logo dan tombol akun terlihat pada halaman&amp#27;[0m              &amp#27;[90m# Login.headerAkunDisplayed()&amp#27;[0m
    &amp#27;[32mAnd &amp#27;[0m&amp#27;[32muser click button icon akun user untuk login&amp#27;[0m                                    &amp#27;[90m# Login.clickAkun()&amp#27;[0m
    &amp#27;[32mAnd &amp#27;[0m&amp#27;[32muser memastikan label login label username label password terlihat pada halaman&amp#27;[0m &amp#27;[90m# Login.cekLabel()&amp#27;[0m
    &amp#27;[32mThen &amp#27;[0m&amp#27;[32muser melakukan input username "&amp#27;[0m&amp#27;[32m&amp#27;[1m&amp#27;[0m&amp#27;[32m" password "&amp#27;[0m&amp#27;[32m&amp#27;[1mPasswordMukhlis123!&amp#27;[0m&amp#27;[32m"&amp#27;[0m                &amp#27;[90m# Login.inputUserPass(String,String)&amp#27;[0m
    &amp#27;[32mAnd &amp#27;[0m&amp#27;[32muser click button Login&amp#27;[0m                                                         &amp#27;[90m# Login.clickLogin()&amp#27;[0m
    &amp#27;[32mThen &amp#27;[0m&amp#27;[32malert username require muncul pada halaman&amp#27;[0m                                     &amp#27;[90m# Login.alertUsernameRequiredDisplayed()&amp#27;[0m
]]></system-out>
    <system-err><![CDATA[Feb 08, 2024 9:43:00 AM org.openqa.selenium.devtools.CdpVersionFinder findNearestMatch
WARNING: Unable to find CDP implementation matching 121
Feb 08, 2024 9:43:00 AM org.openqa.selenium.chromium.ChromiumDriver lambda$new$5
WARNING: Unable to find version of CDP to use for 121.0.6167.141. You may need to include a dependency on a specific version of the CDP using something similar to `org.seleniumhq.selenium:selenium-devtools-v86:4.12.0` where the version ("v86") matches the version of the chromium-based browser you're using and the version number of the artifact is the same as Selenium's.
]]></system-err>
  </testcase>
  <testcase name="When user memastikan header logo dan tombol akun terlihat pada halaman" classname="Scenario: Login with password null" time="0.0"/>
  <testcase name="And user click button icon akun user untuk login" classname="Scenario: Login with password null" time="0.0"/>
  <testcase name="And user memastikan label login label username label password terlihat pada halaman" classname="Scenario: Login with password null" time="0.0"/>
  <testcase name="Then user melakukan input username &quot;mukhlisanshori123@gmail.com&quot; password &quot;&quot;" classname="Scenario: Login with password null" time="0.0"/>
  <testcase name="And user click button Login" classname="Scenario: Login with password null" time="0.0"/>
  <testcase name="Then alert password require muncul pada halaman" classname="Scenario: Login with password null" time="0.0"/>
  <testcase name="" classname="Scenario: Login with password null" time="0.904"/>
  <testcase name="Given user membuka situs psegameshop" classname="Scenario: Login with wrong password" time="0.0">
    <system-out><![CDATA[
  @LoginTes
  Scenario: Login with password null                                                    &amp#27;[90m# features/LoginTes.feature:36&amp#27;[0m
    &amp#27;[32mGiven &amp#27;[0m&amp#27;[32muser membuka situs psegameshop&amp#27;[0m                                                &amp#27;[90m# Login.dashboardPage()&amp#27;[0m
    &amp#27;[32mWhen &amp#27;[0m&amp#27;[32muser memastikan header logo dan tombol akun terlihat pada halaman&amp#27;[0m              &amp#27;[90m# Login.headerAkunDisplayed()&amp#27;[0m
    &amp#27;[32mAnd &amp#27;[0m&amp#27;[32muser click button icon akun user untuk login&amp#27;[0m                                    &amp#27;[90m# Login.clickAkun()&amp#27;[0m
    &amp#27;[32mAnd &amp#27;[0m&amp#27;[32muser memastikan label login label username label password terlihat pada halaman&amp#27;[0m &amp#27;[90m# Login.cekLabel()&amp#27;[0m
    &amp#27;[32mThen &amp#27;[0m&amp#27;[32muser melakukan input username "&amp#27;[0m&amp#27;[32m&amp#27;[1mmukhlisanshori123@gmail.com&amp#27;[0m&amp#27;[32m" password "&amp#27;[0m&amp#27;[32m&amp#27;[1m&amp#27;[0m&amp#27;[32m"&amp#27;[0m        &amp#27;[90m# Login.inputUserPass(String,String)&amp#27;[0m
    &amp#27;[32mAnd &amp#27;[0m&amp#27;[32muser click button Login&amp#27;[0m                                                         &amp#27;[90m# Login.clickLogin()&amp#27;[0m
    &amp#27;[32mThen &amp#27;[0m&amp#27;[32malert password require muncul pada halaman&amp#27;[0m                                     &amp#27;[90m# Login.alertPasswordRequiredDisplayed()&amp#27;[0m
]]></system-out>
    <system-err><![CDATA[Feb 08, 2024 9:43:16 AM org.openqa.selenium.devtools.CdpVersionFinder findNearestMatch
WARNING: Unable to find CDP implementation matching 121
Feb 08, 2024 9:43:16 AM org.openqa.selenium.chromium.ChromiumDriver lambda$new$5
WARNING: Unable to find version of CDP to use for 121.0.6167.141. You may need to include a dependency on a specific version of the CDP using something similar to `org.seleniumhq.selenium:selenium-devtools-v86:4.12.0` where the version ("v86") matches the version of the chromium-based browser you're using and the version number of the artifact is the same as Selenium's.
]]></system-err>
  </testcase>
  <testcase name="When user memastikan header logo dan tombol akun terlihat pada halaman" classname="Scenario: Login with wrong password" time="0.0"/>
  <testcase name="And user click button icon akun user untuk login" classname="Scenario: Login with wrong password" time="0.0"/>
  <testcase name="And user memastikan label login label username label password terlihat pada halaman" classname="Scenario: Login with wrong password" time="0.0"/>
  <testcase name="Then user melakukan input username &quot;mukhlisanshori123@gmail.com&quot; password &quot;WrongPassword123!&quot;" classname="Scenario: Login with wrong password" time="0.0"/>
  <testcase name="And user click button Login" classname="Scenario: Login with wrong password" time="0.0"/>
  <testcase name="Then alert invalid password muncul pada halaman" classname="Scenario: Login with wrong password" time="0.0"/>
  <testcase name="" classname="Scenario: Login with wrong password" time="0.929"/>
  <testcase name="Given user membuka situs psegameshop" classname="Scenario: Login with unregistered username" time="0.0">
    <system-out><![CDATA[
  @LoginTes
  Scenario: Login with wrong password                                                             &amp#27;[90m# features/LoginTes.feature:46&amp#27;[0m
    &amp#27;[32mGiven &amp#27;[0m&amp#27;[32muser membuka situs psegameshop&amp#27;[0m                                                          &amp#27;[90m# Login.dashboardPage()&amp#27;[0m
    &amp#27;[32mWhen &amp#27;[0m&amp#27;[32muser memastikan header logo dan tombol akun terlihat pada halaman&amp#27;[0m                        &amp#27;[90m# Login.headerAkunDisplayed()&amp#27;[0m
    &amp#27;[32mAnd &amp#27;[0m&amp#27;[32muser click button icon akun user untuk login&amp#27;[0m                                              &amp#27;[90m# Login.clickAkun()&amp#27;[0m
    &amp#27;[32mAnd &amp#27;[0m&amp#27;[32muser memastikan label login label username label password terlihat pada halaman&amp#27;[0m           &amp#27;[90m# Login.cekLabel()&amp#27;[0m
    &amp#27;[32mThen &amp#27;[0m&amp#27;[32muser melakukan input username "&amp#27;[0m&amp#27;[32m&amp#27;[1mmukhlisanshori123@gmail.com&amp#27;[0m&amp#27;[32m" password "&amp#27;[0m&amp#27;[32m&amp#27;[1mWrongPassword123!&amp#27;[0m&amp#27;[32m"&amp#27;[0m &amp#27;[90m# Login.inputUserPass(String,String)&amp#27;[0m
    &amp#27;[32mAnd &amp#27;[0m&amp#27;[32muser click button Login&amp#27;[0m                                                                   &amp#27;[90m# Login.clickLogin()&amp#27;[0m
    &amp#27;[32mThen &amp#27;[0m&amp#27;[32malert invalid password muncul pada halaman&amp#27;[0m                                               &amp#27;[90m# Login.alertInvalidPasswordDisplayed()&amp#27;[0m
]]></system-out>
    <system-err><![CDATA[Feb 08, 2024 9:43:32 AM org.openqa.selenium.devtools.CdpVersionFinder findNearestMatch
WARNING: Unable to find CDP implementation matching 121
Feb 08, 2024 9:43:32 AM org.openqa.selenium.chromium.ChromiumDriver lambda$new$5
WARNING: Unable to find version of CDP to use for 121.0.6167.141. You may need to include a dependency on a specific version of the CDP using something similar to `org.seleniumhq.selenium:selenium-devtools-v86:4.12.0` where the version ("v86") matches the version of the chromium-based browser you're using and the version number of the artifact is the same as Selenium's.
]]></system-err>
  </testcase>
  <testcase name="When user memastikan header logo dan tombol akun terlihat pada halaman" classname="Scenario: Login with unregistered username" time="0.0"/>
  <testcase name="And user click button icon akun user untuk login" classname="Scenario: Login with unregistered username" time="0.0"/>
  <testcase name="And user memastikan label login label username label password terlihat pada halaman" classname="Scenario: Login with unregistered username" time="0.0"/>
  <testcase name="Then user melakukan input username &quot;mukhlisanshori1997@gmail.com&quot; password &quot;PasswordMukhlis123!&quot;" classname="Scenario: Login with unregistered username" time="0.0"/>
  <testcase name="And user click button Login" classname="Scenario: Login with unregistered username" time="0.0"/>
  <testcase name="Then alert invalid email muncul pada halaman" classname="Scenario: Login with unregistered username" time="0.0"/>
  <testcase name="" classname="Scenario: Login with unregistered username" time="0.994"/>
</testsuite>